[14:29:33] [main/INFO]: Loading tweak class name cpw.mods.fml.common.launcher.FMLTweaker
[14:29:34] [main/INFO]: Using primary tweak class name cpw.mods.fml.common.launcher.FMLTweaker
[14:29:34] [main/INFO]: Calling tweak class cpw.mods.fml.common.launcher.FMLTweaker
[14:29:34] [main/INFO]: Forge Mod Loader version 7.99.40.1614 for Minecraft 1.7.10 loading
[14:29:34] [main/INFO]: Java is Java HotSpot(TM) 64-Bit Server VM, version 1.8.0_51, running on Windows 10:amd64:10.0, installed at C:\Users\gardz\curseforge\minecraft\Install\runtime\jre-legacy\windows-x64\jre-legacy
[14:29:34] [main/INFO]: [AppEng] Core Init
[14:29:34] [main/WARN]: The coremod codechicken.core.launch.CodeChickenCorePlugin does not have a MCVersion annotation, it may cause issues with this version of Minecraft
[14:29:34] [main/INFO]: [codechicken.core.launch.DepLoader$DepLoadInst:scanDepInfo:510]: Failed to load dependencies.info from ForgeMultipart-1.7.10-1.1.2.331-universal.jar as JSON
[14:29:34] [main/INFO]: [java.lang.Throwable$WrappedPrintStream:println:748]: java.util.zip.ZipException: error in opening zip file
[14:29:34] [main/INFO]: [java.lang.Throwable$WrappedPrintStream:println:748]: 	at java.util.zip.ZipFile.open(Native Method)
[14:29:34] [main/INFO]: [java.lang.Throwable$WrappedPrintStream:println:748]: 	at java.util.zip.ZipFile.<init>(ZipFile.java:220)
[14:29:34] [main/INFO]: [java.lang.Throwable$WrappedPrintStream:println:748]: 	at java.util.zip.ZipFile.<init>(ZipFile.java:150)
[14:29:34] [main/INFO]: [java.lang.Throwable$WrappedPrintStream:println:748]: 	at java.util.zip.ZipFile.<init>(ZipFile.java:164)
[14:29:34] [main/INFO]: [java.lang.Throwable$WrappedPrintStream:println:748]: 	at codechicken.core.launch.DepLoader$DepLoadInst.scanDepInfo(DepLoader.java:503)
[14:29:34] [main/INFO]: [java.lang.Throwable$WrappedPrintStream:println:748]: 	at codechicken.core.launch.DepLoader$DepLoadInst.scanDepInfos(DepLoader.java:497)
[14:29:34] [main/INFO]: [java.lang.Throwable$WrappedPrintStream:println:748]: 	at codechicken.core.launch.DepLoader$DepLoadInst.load(DepLoader.java:445)
[14:29:34] [main/INFO]: [java.lang.Throwable$WrappedPrintStream:println:748]: 	at codechicken.core.launch.DepLoader.load(DepLoader.java:584)
[14:29:34] [main/INFO]: [java.lang.Throwable$WrappedPrintStream:println:748]: 	at codechicken.core.launch.CodeChickenCorePlugin.<init>(CodeChickenCorePlugin.java:47)
[14:29:34] [main/INFO]: [java.lang.Throwable$WrappedPrintStream:println:748]: 	at sun.reflect.NativeConstructorAccessorImpl.newInstance0(Native Method)
[14:29:34] [main/INFO]: [java.lang.Throwable$WrappedPrintStream:println:748]: 	at sun.reflect.NativeConstructorAccessorImpl.newInstance(NativeConstructorAccessorImpl.java:62)
[14:29:34] [main/INFO]: [java.lang.Throwable$WrappedPrintStream:println:748]: 	at sun.reflect.DelegatingConstructorAccessorImpl.newInstance(DelegatingConstructorAccessorImpl.java:45)
[14:29:34] [main/INFO]: [java.lang.Throwable$WrappedPrintStream:println:748]: 	at java.lang.reflect.Constructor.newInstance(Constructor.java:422)
[14:29:34] [main/INFO]: [java.lang.Throwable$WrappedPrintStream:println:748]: 	at java.lang.Class.newInstance(Class.java:442)
[14:29:34] [main/INFO]: [java.lang.Throwable$WrappedPrintStream:println:748]: 	at cpw.mods.fml.relauncher.CoreModManager.loadCoreMod(CoreModManager.java:501)
[14:29:34] [main/INFO]: [java.lang.Throwable$WrappedPrintStream:println:748]: 	at cpw.mods.fml.relauncher.CoreModManager.discoverCoreMods(CoreModManager.java:389)
[14:29:34] [main/INFO]: [java.lang.Throwable$WrappedPrintStream:println:748]: 	at cpw.mods.fml.relauncher.CoreModManager.handleLaunch(CoreModManager.java:221)
[14:29:34] [main/INFO]: [java.lang.Throwable$WrappedPrintStream:println:748]: 	at cpw.mods.fml.relauncher.FMLLaunchHandler.setupHome(FMLLaunchHandler.java:90)
[14:29:34] [main/INFO]: [java.lang.Throwable$WrappedPrintStream:println:748]: 	at cpw.mods.fml.relauncher.FMLLaunchHandler.setupClient(FMLLaunchHandler.java:67)
[14:29:34] [main/INFO]: [java.lang.Throwable$WrappedPrintStream:println:748]: 	at cpw.mods.fml.relauncher.FMLLaunchHandler.configureForClientLaunch(FMLLaunchHandler.java:34)
[14:29:34] [main/INFO]: [java.lang.Throwable$WrappedPrintStream:println:748]: 	at cpw.mods.fml.common.launcher.FMLTweaker.injectIntoClassLoader(FMLTweaker.java:126)
[14:29:34] [main/INFO]: [java.lang.Throwable$WrappedPrintStream:println:748]: 	at net.minecraft.launchwrapper.Launch.launch(Launch.java:115)
[14:29:34] [main/INFO]: [java.lang.Throwable$WrappedPrintStream:println:748]: 	at net.minecraft.launchwrapper.Launch.main(Launch.java:28)
[14:29:34] [main/INFO]: Loading tweaker org.spongepowered.asm.launch.MixinTweaker from Et_Futurum_Requiem-2.5.1.jar
[14:29:34] [main/ERROR]: Unable to read the jar file ForgeMultipart-1.7.10-1.1.2.331-universal.jar - ignoring
java.util.zip.ZipException: error in opening zip file
	at java.util.zip.ZipFile.open(Native Method) ~[?:1.8.0_51]
	at java.util.zip.ZipFile.<init>(ZipFile.java:220) ~[?:1.8.0_51]
	at java.util.zip.ZipFile.<init>(ZipFile.java:150) ~[?:1.8.0_51]
	at java.util.jar.JarFile.<init>(JarFile.java:166) ~[?:1.8.0_51]
	at java.util.jar.JarFile.<init>(JarFile.java:130) ~[?:1.8.0_51]
	at cpw.mods.fml.relauncher.CoreModManager.discoverCoreMods(CoreModManager.java:308) [forge-1.7.10-10.13.4.1614-1.7.10.jar:?]
	at cpw.mods.fml.relauncher.CoreModManager.handleLaunch(CoreModManager.java:221) [forge-1.7.10-10.13.4.1614-1.7.10.jar:?]
	at cpw.mods.fml.relauncher.FMLLaunchHandler.setupHome(FMLLaunchHandler.java:90) [forge-1.7.10-10.13.4.1614-1.7.10.jar:?]
	at cpw.mods.fml.relauncher.FMLLaunchHandler.setupClient(FMLLaunchHandler.java:67) [forge-1.7.10-10.13.4.1614-1.7.10.jar:?]
	at cpw.mods.fml.relauncher.FMLLaunchHandler.configureForClientLaunch(FMLLaunchHandler.java:34) [forge-1.7.10-10.13.4.1614-1.7.10.jar:?]
	at cpw.mods.fml.common.launcher.FMLTweaker.injectIntoClassLoader(FMLTweaker.java:126) [forge-1.7.10-10.13.4.1614-1.7.10.jar:?]
	at net.minecraft.launchwrapper.Launch.launch(Launch.java:115) [launchwrapper-1.12.jar:?]
	at net.minecraft.launchwrapper.Launch.main(Launch.java:28) [launchwrapper-1.12.jar:?]
[14:29:34] [main/WARN]: The coremod micdoodle8.mods.miccore.MicdoodlePlugin does not have a MCVersion annotation, it may cause issues with this version of Minecraft
[14:29:34] [main/INFO]: [micdoodle8.mods.miccore.DepLoader$DepLoadInst:<init>:333]: MicdoodleCore searching for dependencies in mods file: C:\Users\gardz\AppData\Roaming\.minecraft\mods
[14:29:34] [main/INFO]: [micdoodle8.mods.miccore.DepLoader$DepLoadInst:scanDepInfo:654]: Failed to load dependanciesGC.info from ForgeMultipart-1.7.10-1.1.2.331-universal.jar as JSON
[14:29:34] [main/INFO]: [java.lang.Throwable$WrappedPrintStream:println:748]: java.util.zip.ZipException: error in opening zip file
[14:29:34] [main/INFO]: [java.lang.Throwable$WrappedPrintStream:println:748]: 	at java.util.zip.ZipFile.open(Native Method)
[14:29:34] [main/INFO]: [java.lang.Throwable$WrappedPrintStream:println:748]: 	at java.util.zip.ZipFile.<init>(ZipFile.java:220)
[14:29:34] [main/INFO]: [java.lang.Throwable$WrappedPrintStream:println:748]: 	at java.util.zip.ZipFile.<init>(ZipFile.java:150)
[14:29:34] [main/INFO]: [java.lang.Throwable$WrappedPrintStream:println:748]: 	at java.util.zip.ZipFile.<init>(ZipFile.java:164)
[14:29:34] [main/INFO]: [java.lang.Throwable$WrappedPrintStream:println:748]: 	at micdoodle8.mods.miccore.DepLoader$DepLoadInst.scanDepInfo(DepLoader.java:640)
[14:29:34] [main/INFO]: [java.lang.Throwable$WrappedPrintStream:println:748]: 	at micdoodle8.mods.miccore.DepLoader$DepLoadInst.scanDepInfos(DepLoader.java:632)
[14:29:34] [main/INFO]: [java.lang.Throwable$WrappedPrintStream:println:748]: 	at micdoodle8.mods.miccore.DepLoader$DepLoadInst.load(DepLoader.java:561)
[14:29:34] [main/INFO]: [java.lang.Throwable$WrappedPrintStream:println:748]: 	at micdoodle8.mods.miccore.DepLoader.load(DepLoader.java:757)
[14:29:34] [main/INFO]: [java.lang.Throwable$WrappedPrintStream:println:748]: 	at micdoodle8.mods.miccore.MicdoodlePlugin.<init>(MicdoodlePlugin.java:45)
[14:29:34] [main/INFO]: [java.lang.Throwable$WrappedPrintStream:println:748]: 	at sun.reflect.NativeConstructorAccessorImpl.newInstance0(Native Method)
[14:29:34] [main/INFO]: [java.lang.Throwable$WrappedPrintStream:println:748]: 	at sun.reflect.NativeConstructorAccessorImpl.newInstance(NativeConstructorAccessorImpl.java:62)
[14:29:34] [main/INFO]: [java.lang.Throwable$WrappedPrintStream:println:748]: 	at sun.reflect.DelegatingConstructorAccessorImpl.newInstance(DelegatingConstructorAccessorImpl.java:45)
[14:29:34] [main/INFO]: [java.lang.Throwable$WrappedPrintStream:println:748]: 	at java.lang.reflect.Constructor.newInstance(Constructor.java:422)
[14:29:34] [main/INFO]: [java.lang.Throwable$WrappedPrintStream:println:748]: 	at java.lang.Class.newInstance(Class.java:442)
[14:29:34] [main/INFO]: [java.lang.Throwable$WrappedPrintStream:println:748]: 	at cpw.mods.fml.relauncher.CoreModManager.loadCoreMod(CoreModManager.java:501)
[14:29:34] [main/INFO]: [java.lang.Throwable$WrappedPrintStream:println:748]: 	at cpw.mods.fml.relauncher.CoreModManager.discoverCoreMods(CoreModManager.java:389)
[14:29:34] [main/INFO]: [java.lang.Throwable$WrappedPrintStream:println:748]: 	at cpw.mods.fml.relauncher.CoreModManager.handleLaunch(CoreModManager.java:221)
[14:29:34] [main/INFO]: [java.lang.Throwable$WrappedPrintStream:println:748]: 	at cpw.mods.fml.relauncher.FMLLaunchHandler.setupHome(FMLLaunchHandler.java:90)
[14:29:34] [main/INFO]: [java.lang.Throwable$WrappedPrintStream:println:748]: 	at cpw.mods.fml.relauncher.FMLLaunchHandler.setupClient(FMLLaunchHandler.java:67)
[14:29:34] [main/INFO]: [java.lang.Throwable$WrappedPrintStream:println:748]: 	at cpw.mods.fml.relauncher.FMLLaunchHandler.configureForClientLaunch(FMLLaunchHandler.java:34)
[14:29:34] [main/INFO]: [java.lang.Throwable$WrappedPrintStream:println:748]: 	at cpw.mods.fml.common.launcher.FMLTweaker.injectIntoClassLoader(FMLTweaker.java:126)
[14:29:34] [main/INFO]: [java.lang.Throwable$WrappedPrintStream:println:748]: 	at net.minecraft.launchwrapper.Launch.launch(Launch.java:115)
[14:29:34] [main/INFO]: [java.lang.Throwable$WrappedPrintStream:println:748]: 	at net.minecraft.launchwrapper.Launch.main(Launch.java:28)
[14:29:34] [main/WARN]: The coremod net.malisis.core.asm.MalisisCorePlugin does not have a MCVersion annotation, it may cause issues with this version of Minecraft
[14:29:34] [main/WARN]: The coremod mekanism.common.asm.LoadingHook does not have a MCVersion annotation, it may cause issues with this version of Minecraft
[14:29:34] [main/WARN]: The coremod codechicken.nei.asm.NEICorePlugin does not have a MCVersion annotation, it may cause issues with this version of Minecraft
[14:29:34] [main/WARN]: The coremod thaumcraft.codechicken.core.launch.DepLoader does not have a MCVersion annotation, it may cause issues with this version of Minecraft
[14:29:34] [main/INFO]: Loading tweak class name cpw.mods.fml.common.launcher.FMLInjectionAndSortingTweaker
[14:29:34] [main/INFO]: Loading tweak class name org.spongepowered.asm.launch.MixinTweaker
[14:29:34] [main/INFO]: SpongePowered MIXIN Subsystem Version=0.7.11 Source=file:/C:/Users/gardz/AppData/Roaming/.minecraft/mods/Et_Futurum_Requiem-2.5.1.jar Service=LaunchWrapper Env=CLIENT
[14:29:35] [main/INFO]: Loading tweak class name cpw.mods.fml.common.launcher.FMLDeobfTweaker
[14:29:35] [main/INFO]: Calling tweak class cpw.mods.fml.common.launcher.FMLInjectionAndSortingTweaker
[14:29:35] [main/INFO]: Calling tweak class cpw.mods.fml.common.launcher.FMLInjectionAndSortingTweaker
[14:29:35] [main/INFO]: Calling tweak class cpw.mods.fml.relauncher.CoreModManager$FMLPluginWrapper
[14:29:35] [main/DEBUG]: Injecting coremod SHLoadingPlugin {com.fiskmods.heroes.asm.SHLoadingPlugin} class transformers
[14:29:35] [main/TRACE]: Registering transformer com.fiskmods.heroes.asm.transformers.CTBlockBed
[14:29:35] [main/TRACE]: Registering transformer com.fiskmods.heroes.asm.transformers.CTBlockButton
[14:29:35] [main/TRACE]: Registering transformer com.fiskmods.heroes.asm.transformers.CTBlockFence
[14:29:35] [main/TRACE]: Registering transformer com.fiskmods.heroes.asm.transformers.CTBlockLeavesBase
[14:29:35] [main/TRACE]: Registering transformer com.fiskmods.heroes.asm.transformers.CTBlockLiquid
[14:29:35] [main/TRACE]: Registering transformer com.fiskmods.heroes.asm.transformers.CTBlockPane
[14:29:35] [main/TRACE]: Registering transformer com.fiskmods.heroes.asm.transformers.CTBlockPressurePlate
[14:29:35] [main/TRACE]: Registering transformer com.fiskmods.heroes.asm.transformers.CTChunkCache
[14:29:35] [main/TRACE]: Registering transformer com.fiskmods.heroes.asm.transformers.CTEntity
[14:29:35] [main/TRACE]: Registering transformer com.fiskmods.heroes.asm.transformers.CTEntityLivingBase
[14:29:35] [main/TRACE]: Registering transformer com.fiskmods.heroes.asm.transformers.CTEntityPlayer
[14:29:35] [main/TRACE]: Registering transformer com.fiskmods.heroes.asm.transformers.CTEntityTracker
[14:29:35] [main/TRACE]: Registering transformer com.fiskmods.heroes.asm.transformers.CTFoodStats
[14:29:35] [main/TRACE]: Registering transformer com.fiskmods.heroes.asm.transformers.CTItemBow
[14:29:35] [main/TRACE]: Registering transformer com.fiskmods.heroes.asm.transformers.CTItemStack
[14:29:35] [main/TRACE]: Registering transformer com.fiskmods.heroes.asm.transformers.CTInventoryPlayer
[14:29:35] [main/TRACE]: Registering transformer com.fiskmods.heroes.asm.transformers.CTMinecraftServer
[14:29:35] [main/TRACE]: Registering transformer com.fiskmods.heroes.asm.transformers.CTNearestAttackableAI
[14:29:35] [main/TRACE]: Registering transformer com.fiskmods.heroes.asm.transformers.CTNetHandlerPlayServer
[14:29:35] [main/TRACE]: Registering transformer com.fiskmods.heroes.asm.transformers.CTPotion
[14:29:35] [main/TRACE]: Registering transformer com.fiskmods.heroes.asm.transformers.CTWorld
[14:29:35] [main/TRACE]: Registering transformer com.fiskmods.heroes.asm.transformers.CTEntityGravity$StandardItem
[14:29:35] [main/TRACE]: Registering transformer com.fiskmods.heroes.asm.transformers.CTEntityGravity$Firework
[14:29:35] [main/TRACE]: Registering transformer com.fiskmods.heroes.asm.transformers.CTEntityFlying
[14:29:35] [main/TRACE]: Registering transformer com.fiskmods.heroes.asm.transformers.CTEntityArrow
[14:29:35] [main/TRACE]: Registering transformer com.fiskmods.heroes.asm.transformers.CTEntityThrowable
[14:29:35] [main/TRACE]: Registering transformer com.fiskmods.heroes.asm.transformers.CTBlock
[14:29:35] [main/TRACE]: Registering transformer com.fiskmods.heroes.asm.transformers.CTBowRenderer
[14:29:35] [main/TRACE]: Registering transformer com.fiskmods.heroes.asm.transformers.CTEffectRenderer
[14:29:35] [main/TRACE]: Registering transformer com.fiskmods.heroes.asm.transformers.CTEntityOtherPlayerMP
[14:29:35] [main/TRACE]: Registering transformer com.fiskmods.heroes.asm.transformers.CTEntityPlayerSP
[14:29:35] [main/TRACE]: Registering transformer com.fiskmods.heroes.asm.transformers.CTEntityRenderer
[14:29:35] [main/TRACE]: Registering transformer com.fiskmods.heroes.asm.transformers.CTGuiContainerCreative
[14:29:35] [main/TRACE]: Registering transformer com.fiskmods.heroes.asm.transformers.CTGuiInventory
[14:29:35] [main/TRACE]: Registering transformer com.fiskmods.heroes.asm.transformers.CTItemRenderer
[14:29:35] [main/TRACE]: Registering transformer com.fiskmods.heroes.asm.transformers.CTMinecraft
[14:29:35] [main/TRACE]: Registering transformer com.fiskmods.heroes.asm.transformers.CTModelBiped
[14:29:35] [main/TRACE]: Registering transformer com.fiskmods.heroes.asm.transformers.CTPlayerControllerMP
[14:29:35] [main/TRACE]: Registering transformer com.fiskmods.heroes.asm.transformers.CTRenderBiped
[14:29:35] [main/TRACE]: Registering transformer com.fiskmods.heroes.asm.transformers.CTRendererLivingEntity
[14:29:35] [main/TRACE]: Registering transformer com.fiskmods.heroes.asm.transformers.CTRenderGlobal
[14:29:35] [main/TRACE]: Registering transformer com.fiskmods.heroes.asm.transformers.CTRenderItem
[14:29:35] [main/TRACE]: Registering transformer com.fiskmods.heroes.asm.transformers.CTRenderPlayer
[14:29:35] [main/TRACE]: Registering transformer com.fiskmods.heroes.asm.transformers.CTSoundManager
[14:29:35] [main/TRACE]: Registering transformer com.fiskmods.heroes.asm.transformers.CTSoundHandler
[14:29:35] [main/DEBUG]: Injection complete
[14:29:35] [main/DEBUG]: Running coremod plugin for SHLoadingPlugin {com.fiskmods.heroes.asm.SHLoadingPlugin}
[14:29:35] [main/DEBUG]: Running coremod plugin SHLoadingPlugin
[14:29:35] [main/DEBUG]: Coremod plugin class SHLoadingPlugin run successfully
[14:29:35] [main/INFO]: Calling tweak class cpw.mods.fml.relauncher.CoreModManager$FMLPluginWrapper
[14:29:35] [main/DEBUG]: Injecting coremod FMLCorePlugin {cpw.mods.fml.relauncher.FMLCorePlugin} class transformers
[14:29:35] [main/TRACE]: Registering transformer cpw.mods.fml.common.asm.transformers.MarkerTransformer
[14:29:35] [main/TRACE]: Registering transformer cpw.mods.fml.common.asm.transformers.SideTransformer
[14:29:35] [main/TRACE]: Registering transformer cpw.mods.fml.common.asm.transformers.EventSubscriptionTransformer
[14:29:35] [main/DEBUG]: Injection complete
[14:29:35] [main/DEBUG]: Running coremod plugin for FMLCorePlugin {cpw.mods.fml.relauncher.FMLCorePlugin}
[14:29:35] [main/DEBUG]: Running coremod plugin FMLCorePlugin
[14:29:35] [main/DEBUG]: Read 527 binary patches
[14:29:36] [main/INFO]: Found valid fingerprint for Minecraft Forge. Certificate fingerprint e3c3d50c7c986df74c645c0ac54639741c90a557
[14:29:36] [main/INFO]: Found valid fingerprint for Minecraft. Certificate fingerprint cd99959656f753dc28d863b46769f7f8fbaefcfc
[14:29:36] [main/DEBUG]: Coremod plugin class FMLCorePlugin run successfully
[14:29:36] [main/INFO]: Calling tweak class cpw.mods.fml.relauncher.CoreModManager$FMLPluginWrapper
[14:29:36] [main/DEBUG]: Injecting coremod FMLForgePlugin {net.minecraftforge.classloading.FMLForgePlugin} class transformers
[14:29:36] [main/TRACE]: Registering transformer net.minecraftforge.classloading.FluidIdTransformer
[14:29:36] [main/DEBUG]: Injection complete
[14:29:36] [main/DEBUG]: Running coremod plugin for FMLForgePlugin {net.minecraftforge.classloading.FMLForgePlugin}
[14:29:36] [main/DEBUG]: Running coremod plugin FMLForgePlugin
[14:29:36] [main/DEBUG]: Coremod plugin class FMLForgePlugin run successfully
[14:29:36] [main/INFO]: Calling tweak class cpw.mods.fml.relauncher.CoreModManager$FMLPluginWrapper
[14:29:36] [main/DEBUG]: Injecting coremod CCCDeobfPlugin {codechicken.core.asm.MCPDeobfuscationTransformer$LoadPlugin} class transformers
[14:29:36] [main/DEBUG]: Injection complete
[14:29:36] [main/DEBUG]: Running coremod plugin for CCCDeobfPlugin {codechicken.core.asm.MCPDeobfuscationTransformer$LoadPlugin}
[14:29:36] [main/DEBUG]: Running coremod plugin CCCDeobfPlugin
[14:29:36] [main/DEBUG]: Coremod plugin class LoadPlugin run successfully
[14:29:36] [main/INFO]: Calling tweak class cpw.mods.fml.relauncher.CoreModManager$FMLPluginWrapper
[14:29:36] [main/DEBUG]: Injecting coremod ALLoadingPlugin {com.fiskmods.lightsabers.asm.ALLoadingPlugin} class transformers
[14:29:36] [main/TRACE]: Registering transformer com.fiskmods.lightsabers.asm.transformers.ClassTransformerModelBiped
[14:29:36] [main/TRACE]: Registering transformer com.fiskmods.lightsabers.asm.transformers.ClassTransformerModelBipedMultiLayer
[14:29:36] [main/TRACE]: Registering transformer com.fiskmods.lightsabers.asm.transformers.ClassTransformerEffectRenderer
[14:29:36] [main/TRACE]: Registering transformer com.fiskmods.lightsabers.asm.transformers.ClassTransformerColor
[14:29:36] [main/TRACE]: Registering transformer com.fiskmods.lightsabers.asm.transformers.ClassTransformerEntityMob
[14:29:36] [main/TRACE]: Registering transformer com.fiskmods.lightsabers.asm.transformers.ClassTransformerEntityPlayer
[14:29:36] [main/DEBUG]: Injection complete
[14:29:36] [main/DEBUG]: Running coremod plugin for ALLoadingPlugin {com.fiskmods.lightsabers.asm.ALLoadingPlugin}
[14:29:36] [main/DEBUG]: Running coremod plugin ALLoadingPlugin
[14:29:36] [main/DEBUG]: Coremod plugin class ALLoadingPlugin run successfully
[14:29:36] [main/INFO]: Calling tweak class cpw.mods.fml.relauncher.CoreModManager$FMLPluginWrapper
[14:29:36] [main/DEBUG]: Injecting coremod SMPlugin {jp.mc.ancientred.starminer.core.SMPlugin} class transformers
[14:29:36] [main/TRACE]: Registering transformer jp.mc.ancientred.starminer.core.SMTransformer
[14:29:36] [main/DEBUG]: Injection complete
[14:29:36] [main/DEBUG]: Running coremod plugin for SMPlugin {jp.mc.ancientred.starminer.core.SMPlugin}
[14:29:36] [main/DEBUG]: Running coremod plugin SMPlugin
[14:29:36] [main/DEBUG]: Coremod plugin class SMPlugin run successfully
[14:29:36] [main/INFO]: Calling tweak class cpw.mods.fml.relauncher.CoreModManager$FMLPluginWrapper
[14:29:36] [main/DEBUG]: Injecting coremod AppEngCore {appeng.transformer.AppEngCore} class transformers
[14:29:36] [main/TRACE]: Registering transformer appeng.transformer.asm.ASMIntegration
[14:29:36] [main/DEBUG]: Injection complete
[14:29:36] [main/DEBUG]: Running coremod plugin for AppEngCore {appeng.transformer.AppEngCore}
[14:29:36] [main/DEBUG]: Running coremod plugin AppEngCore
[14:29:36] [main/DEBUG]: Coremod plugin class AppEngCore run successfully
[14:29:36] [main/INFO]: Calling tweak class cpw.mods.fml.relauncher.CoreModManager$FMLPluginWrapper
[14:29:36] [main/DEBUG]: Injecting coremod CodeChickenCorePlugin {codechicken.core.launch.CodeChickenCorePlugin} class transformers
[14:29:36] [main/TRACE]: Registering transformer codechicken.lib.asm.ClassHeirachyManager
[14:29:36] [main/TRACE]: Registering transformer codechicken.core.asm.InterfaceDependancyTransformer
[14:29:36] [main/TRACE]: Registering transformer codechicken.core.asm.TweakTransformer
[14:29:36] [main/TRACE]: Registering transformer codechicken.core.asm.DelegatedTransformer
[14:29:36] [main/TRACE]: Registering transformer codechicken.core.asm.DefaultImplementationTransformer
[14:29:36] [main/DEBUG]: Injection complete
[14:29:36] [main/DEBUG]: Running coremod plugin for CodeChickenCorePlugin {codechicken.core.launch.CodeChickenCorePlugin}
[14:29:36] [main/DEBUG]: Running coremod plugin CodeChickenCorePlugin
[14:29:36] [main/ERROR]: CodeChickenCore: Failed to read jar file: ForgeMultipart-1.7.10-1.1.2.331-universal.jar
java.util.zip.ZipException: error in opening zip file
	at java.util.zip.ZipFile.open(Native Method) ~[?:1.8.0_51]
	at java.util.zip.ZipFile.<init>(ZipFile.java:220) ~[?:1.8.0_51]
	at java.util.zip.ZipFile.<init>(ZipFile.java:150) ~[?:1.8.0_51]
	at java.util.jar.JarFile.<init>(JarFile.java:166) ~[?:1.8.0_51]
	at java.util.jar.JarFile.<init>(JarFile.java:130) ~[?:1.8.0_51]
	at codechicken.core.launch.CodeChickenCorePlugin.scanMod(CodeChickenCorePlugin.java:148) [CodeChickenCore-1.7.10-1.0.7.48-universal.jar:?]
	at codechicken.core.launch.CodeChickenCorePlugin.scanCodeChickenMods(CodeChickenCorePlugin.java:140) [CodeChickenCore-1.7.10-1.0.7.48-universal.jar:?]
	at codechicken.core.launch.CodeChickenCorePlugin.call(CodeChickenCorePlugin.java:128) [CodeChickenCore-1.7.10-1.0.7.48-universal.jar:?]
	at codechicken.core.launch.CodeChickenCorePlugin.call(CodeChickenCorePlugin.java:30) [CodeChickenCore-1.7.10-1.0.7.48-universal.jar:?]
	at cpw.mods.fml.relauncher.CoreModManager$FMLPluginWrapper.injectIntoClassLoader(CoreModManager.java:133) [forge-1.7.10-10.13.4.1614-1.7.10.jar:?]
	at net.minecraft.launchwrapper.Launch.launch(Launch.java:115) [launchwrapper-1.12.jar:?]
	at net.minecraft.launchwrapper.Launch.main(Launch.java:28) [launchwrapper-1.12.jar:?]
[14:29:36] [main/DEBUG]: Coremod plugin class CodeChickenCorePlugin run successfully
[14:29:36] [main/INFO]: Calling tweak class cpw.mods.fml.relauncher.CoreModManager$FMLPluginWrapper
[14:29:36] [main/DEBUG]: Injecting coremod MicdoodlePlugin {micdoodle8.mods.miccore.MicdoodlePlugin} class transformers
[14:29:36] [main/INFO]: [micdoodle8.mods.miccore.MicdoodlePlugin:getASMTransformerClass:102]: Successfully Registered Transformer
[14:29:36] [main/TRACE]: Registering transformer micdoodle8.mods.miccore.MicdoodleTransformer
[14:29:36] [main/DEBUG]: Injection complete
[14:29:36] [main/DEBUG]: Running coremod plugin for MicdoodlePlugin {micdoodle8.mods.miccore.MicdoodlePlugin}
[14:29:36] [main/DEBUG]: Running coremod plugin MicdoodlePlugin
[14:29:36] [main/INFO]: Failed to find MicdoodleCore file in mods folder, skipping GC version check.
[14:29:36] [main/INFO]: [micdoodle8.mods.miccore.MicdoodlePlugin:injectData:295]: [Micdoodle8Core]: Patching game...
[14:29:36] [main/INFO]: [micdoodle8.mods.miccore.MicdoodlePlugin:injectData:295]: [Micdoodle8Core]: Patching game...
[14:29:36] [main/DEBUG]: Coremod plugin class MicdoodlePlugin run successfully
[14:29:36] [main/INFO]: Calling tweak class cpw.mods.fml.relauncher.CoreModManager$FMLPluginWrapper
[14:29:36] [main/DEBUG]: Injecting coremod LoadingHook {mekanism.common.asm.LoadingHook} class transformers
[14:29:36] [main/DEBUG]: Injection complete
[14:29:36] [main/DEBUG]: Running coremod plugin for LoadingHook {mekanism.common.asm.LoadingHook}
[14:29:36] [main/DEBUG]: Running coremod plugin LoadingHook
[14:29:36] [main/DEBUG]: Coremod plugin class LoadingHook run successfully
[14:29:36] [main/INFO]: Calling tweak class cpw.mods.fml.relauncher.CoreModManager$FMLPluginWrapper
[14:29:36] [main/DEBUG]: Injecting coremod NEICorePlugin {codechicken.nei.asm.NEICorePlugin} class transformers
[14:29:36] [main/TRACE]: Registering transformer codechicken.nei.asm.NEITransformer
[14:29:36] [main/DEBUG]: Injection complete
[14:29:36] [main/DEBUG]: Running coremod plugin for NEICorePlugin {codechicken.nei.asm.NEICorePlugin}
[14:29:36] [main/DEBUG]: Running coremod plugin NEICorePlugin
[14:29:36] [main/DEBUG]: Coremod plugin class NEICorePlugin run successfully
[14:29:36] [main/INFO]: Calling tweak class cpw.mods.fml.relauncher.CoreModManager$FMLPluginWrapper
[14:29:36] [main/DEBUG]: Injecting coremod DepLoader {thaumcraft.codechicken.core.launch.DepLoader} class transformers
[14:29:36] [main/DEBUG]: Injection complete
[14:29:36] [main/DEBUG]: Running coremod plugin for DepLoader {thaumcraft.codechicken.core.launch.DepLoader}
[14:29:36] [main/DEBUG]: Running coremod plugin DepLoader
[14:29:36] [main/INFO]: [thaumcraft.codechicken.core.launch.DepLoader$DepLoadInst:scanDepInfo:549]: Failed to load dependencies.info from ForgeMultipart-1.7.10-1.1.2.331-universal.jar as JSON
[14:29:36] [main/INFO]: [java.lang.Throwable$WrappedPrintStream:println:748]: java.util.zip.ZipException: error in opening zip file
[14:29:36] [main/INFO]: [java.lang.Throwable$WrappedPrintStream:println:748]: 	at java.util.zip.ZipFile.open(Native Method)
[14:29:36] [main/INFO]: [java.lang.Throwable$WrappedPrintStream:println:748]: 	at java.util.zip.ZipFile.<init>(ZipFile.java:220)
[14:29:36] [main/INFO]: [java.lang.Throwable$WrappedPrintStream:println:748]: 	at java.util.zip.ZipFile.<init>(ZipFile.java:150)
[14:29:36] [main/INFO]: [java.lang.Throwable$WrappedPrintStream:println:748]: 	at java.util.zip.ZipFile.<init>(ZipFile.java:164)
[14:29:36] [main/INFO]: [java.lang.Throwable$WrappedPrintStream:println:748]: 	at thaumcraft.codechicken.core.launch.DepLoader$DepLoadInst.scanDepInfo(DepLoader.java:541)
[14:29:36] [main/INFO]: [java.lang.Throwable$WrappedPrintStream:println:748]: 	at thaumcraft.codechicken.core.launch.DepLoader$DepLoadInst.scanDepInfos(DepLoader.java:535)
[14:29:36] [main/INFO]: [java.lang.Throwable$WrappedPrintStream:println:748]: 	at thaumcraft.codechicken.core.launch.DepLoader$DepLoadInst.load(DepLoader.java:471)
[14:29:36] [main/INFO]: [java.lang.Throwable$WrappedPrintStream:println:748]: 	at thaumcraft.codechicken.core.launch.DepLoader.load(DepLoader.java:631)
[14:29:36] [main/INFO]: [java.lang.Throwable$WrappedPrintStream:println:748]: 	at thaumcraft.codechicken.core.launch.DepLoader.call(DepLoader.java:656)
[14:29:36] [main/INFO]: [java.lang.Throwable$WrappedPrintStream:println:748]: 	at thaumcraft.codechicken.core.launch.DepLoader.call(DepLoader.java:65)
[14:29:36] [main/INFO]: [java.lang.Throwable$WrappedPrintStream:println:748]: 	at cpw.mods.fml.relauncher.CoreModManager$FMLPluginWrapper.injectIntoClassLoader(CoreModManager.java:133)
[14:29:36] [main/INFO]: [java.lang.Throwable$WrappedPrintStream:println:748]: 	at net.minecraft.launchwrapper.Launch.launch(Launch.java:115)
[14:29:36] [main/INFO]: [java.lang.Throwable$WrappedPrintStream:println:748]: 	at net.minecraft.launchwrapper.Launch.main(Launch.java:28)
[14:29:36] [main/DEBUG]: Coremod plugin class DepLoader run successfully
[14:29:36] [main/INFO]: Calling tweak class cpw.mods.fml.relauncher.CoreModManager$FMLPluginWrapper
[14:29:36] [main/DEBUG]: Injecting coremod TFLoadingPlugin {fiskfille.tf.asm.TFLoadingPlugin} class transformers
[14:29:36] [main/TRACE]: Registering transformer fiskfille.tf.asm.transformers.ClassTransformerRenderPlayer
[14:29:36] [main/TRACE]: Registering transformer fiskfille.tf.asm.transformers.ClassTransformerEntity
[14:29:36] [main/TRACE]: Registering transformer fiskfille.tf.asm.transformers.ClassTransformerModelBiped
[14:29:36] [main/TRACE]: Registering transformer fiskfille.tf.asm.transformers.ClassTransformerGuiContainer
[14:29:36] [main/DEBUG]: Injection complete
[14:29:36] [main/DEBUG]: Running coremod plugin for TFLoadingPlugin {fiskfille.tf.asm.TFLoadingPlugin}
[14:29:36] [main/DEBUG]: Running coremod plugin TFLoadingPlugin
[14:29:36] [main/DEBUG]: Coremod plugin class TFLoadingPlugin run successfully
[14:29:36] [main/INFO]: Calling tweak class cpw.mods.fml.relauncher.CoreModManager$FMLPluginWrapper
[14:29:36] [main/DEBUG]: Injecting coremod XaeroWorldMapPlugin {xaero.map.core.XaeroWorldMapPlugin} class transformers
[14:29:36] [main/TRACE]: Registering transformer xaero.map.core.transformer.ChunkTransformer
[14:29:36] [main/TRACE]: Registering transformer xaero.map.core.transformer.NetHandlerPlayClientTransformer
[14:29:36] [main/TRACE]: Registering transformer xaero.map.core.transformer.EntityPlayerTransformer
[14:29:36] [main/TRACE]: Registering transformer xaero.map.core.transformer.AbstractClientPlayerTransformer
[14:29:36] [main/TRACE]: Registering transformer xaero.map.core.transformer.WorldClientTransformer
[14:29:36] [main/TRACE]: Registering transformer xaero.map.core.transformer.PlayerListTransformer
[14:29:36] [main/DEBUG]: Injection complete
[14:29:36] [main/DEBUG]: Running coremod plugin for XaeroWorldMapPlugin {xaero.map.core.XaeroWorldMapPlugin}
[14:29:36] [main/DEBUG]: Running coremod plugin XaeroWorldMapPlugin
[14:29:36] [main/DEBUG]: Coremod plugin class XaeroWorldMapPlugin run successfully
[14:29:36] [main/INFO]: Calling tweak class org.spongepowered.asm.launch.MixinTweaker
[14:29:36] [main/INFO]: Compatibility level set to JAVA_8
[14:29:36] [main/INFO]: Initialised Mixin FML Remapper Adapter with cpw.mods.fml.common.asm.transformers.deobf.FMLDeobfuscatingRemapper@54ec8cc9
[14:29:36] [main/INFO]: Calling tweak class cpw.mods.fml.common.launcher.FMLDeobfTweaker
[14:29:36] [main/DEBUG]: Loaded 57 rules from AccessTransformer config file fml_at.cfg
[14:29:36] [main/DEBUG]: Loaded 89 rules from AccessTransformer config file forge_at.cfg
[14:29:37] [main/DEBUG]: Loaded 57 rules from AccessTransformer config file fml_at.cfg
[14:29:37] [main/DEBUG]: Loaded 30 rules from AccessTransformer config file micdoodlecore_at.cfg
[14:29:37] [main/DEBUG]: Loaded 5 rules from AccessTransformer config file malisiscore_at.cfg
[14:29:37] [main/DEBUG]: Loaded 3 rules from AccessTransformer mod jar file C:\Users\gardz\AppData\Roaming\.minecraft\mods\fossilsarcheology-7.3.2.jar!META-INF/fossil_at.cfg

[14:29:37] [main/DEBUG]: Loaded 8 rules from AccessTransformer mod jar file C:\Users\gardz\AppData\Roaming\.minecraft\mods\llibrary-1.5.1-1.7.10.jar!META-INF/llibrary_at.cfg

[14:29:37] [main/DEBUG]: Loaded 9 rules from AccessTransformer mod jar file C:\Users\gardz\AppData\Roaming\.minecraft\mods\FiskHeroes-1.7.10-2.3.3.jar!META-INF/fiskheroes_at.cfg

[14:29:37] [main/DEBUG]: Loaded 3 rules from AccessTransformer mod jar file C:\Users\gardz\AppData\Roaming\.minecraft\mods\fossilsarcheology-7.3.2 (1).jar!META-INF/fossil_at.cfg

[14:29:37] [main/DEBUG]: Loaded 60 rules from AccessTransformer mod jar file C:\Users\gardz\AppData\Roaming\.minecraft\mods\iChunUtil-4.2.3 (1).jar!META-INF/iChunUtil_at.cfg

[14:29:37] [main/DEBUG]: Loaded 3 rules from AccessTransformer mod jar file C:\Users\gardz\AppData\Roaming\.minecraft\mods\Waystones-mc1.7.10-1.0.12 (1).jar!META-INF/waystones_at.cfg

[14:29:37] [main/DEBUG]: Loaded 6 rules from AccessTransformer mod jar file C:\Users\gardz\AppData\Roaming\.minecraft\mods\ancientwarfare-2.4.115-beta-MC1.7.10-FULL.jar!META-INF/ancientwarfare_at.cfg

[14:29:37] [main/DEBUG]: Loaded 1 rules from AccessTransformer mod jar file C:\Users\gardz\AppData\Roaming\.minecraft\mods\Decocraft.jar!META-INF/decocraft_at.cfg

[14:29:37] [main/DEBUG]: Loaded 11 rules from AccessTransformer mod jar file C:\Users\gardz\AppData\Roaming\.minecraft\mods\NotEnoughItems-1.7.10-1.0.5.120-universal (2).jar!META-INF/nei_at.cfg

[14:29:37] [main/DEBUG]: Loaded 86 rules from AccessTransformer mod jar file C:\Users\gardz\AppData\Roaming\.minecraft\mods\Et_Futurum_Requiem-2.5.1.jar!META-INF/etfuturum_at.cfg

[14:29:37] [main/DEBUG]: Loaded 19 rules from AccessTransformer mod jar file C:\Users\gardz\AppData\Roaming\.minecraft\mods\HardcoreEnderExpansion  MC-1.7.10  v1.8.6.jar!META-INF/hee_at.cfg

[14:29:37] [main/DEBUG]: Loaded 8 rules from AccessTransformer mod jar file C:\Users\gardz\AppData\Roaming\.minecraft\mods\llibrary-1.5.1-1.7.10 (1).jar!META-INF/llibrary_at.cfg

[14:29:37] [main/DEBUG]: Loaded 31 rules from AccessTransformer mod jar file C:\Users\gardz\AppData\Roaming\.minecraft\mods\TConstruct-1.7.10-1.8.8.jar!META-INF/TConstruct_at.cfg

[14:29:37] [main/DEBUG]: Validating minecraft
[14:29:37] [main/INFO]: Calling tweak class cpw.mods.fml.relauncher.CoreModManager$FMLPluginWrapper
[14:29:37] [main/INFO]: Starting to apply transformations
[14:29:37] [main/INFO]: Starting to apply transformations
[14:29:37] [main/INFO]: Calling tweak class cpw.mods.fml.relauncher.CoreModManager$FMLPluginWrapper
[14:29:37] [main/INFO]: Found runtime patcher net.ilexiconn.llibrary.server.core.patcher.LLibraryRuntimePatcher
[14:29:37] [main/INFO]: Calling tweak class cpw.mods.fml.relauncher.CoreModManager$FMLPluginWrapper
[14:29:37] [main/INFO]: Calling tweak class cpw.mods.fml.relauncher.CoreModManager$FMLPluginWrapper
[14:29:37] [main/INFO]: Hook registered for net.minecraft.client.Minecraft
[14:29:37] [main/INFO]: Hook registered for net.minecraft.client.multiplayer.PlayerControllerMP
[14:29:37] [main/INFO]: Calling tweak class cpw.mods.fml.relauncher.CoreModManager$FMLPluginWrapper
[14:29:37] [main/INFO]: Loading tweak class name cpw.mods.fml.common.launcher.TerminalTweaker
[14:29:37] [main/INFO]: Loading tweak class name org.spongepowered.asm.mixin.EnvironmentStateTweaker
[14:29:37] [main/INFO]: Calling tweak class cpw.mods.fml.common.launcher.TerminalTweaker
[14:29:37] [main/INFO]: Calling tweak class org.spongepowered.asm.mixin.EnvironmentStateTweaker
[14:29:37] [main/INFO]: [Starminer]Target method found : Entity.onEntityUpdate
[14:29:37] [main/INFO]: [Starminer]Injected additional code to Entity.onEntityUpdate
[14:29:37] [main/INFO]: A re-entrant transformer 'jp.mc.ancientred.starminer.core.SMTransformer' was detected and will no longer process meta class data
[14:29:37] [main/INFO]: [micdoodle8.mods.miccore.MicdoodleTransformer:printLog:1992]: Galacticraft successfully injected bytecode into: sa (1 / 1)
[14:29:37] [main/INFO]: Patching Class Entity (sa)
[14:29:37] [main/INFO]: Patching Class Entity done
[14:29:37] [main/INFO]: A re-entrant transformer 'fiskfille.tf.asm.transformers.ClassTransformerEntity' was detected and will no longer process meta class data
[14:29:38] [main/INFO]: [micdoodle8.mods.miccore.MicdoodleTransformer:printLog:1992]: Galacticraft successfully injected bytecode into: ahb (1 / 1)
[14:29:38] [main/INFO]: Patching Class EntityPlayer (yz)
[14:29:38] [main/INFO]: [xaero.map.core.transformer.ClassNodeTransformer:transform:26]: Transforming class net.minecraft.entity.player.EntityPlayer
[14:29:38] [main/INFO]: A re-entrant transformer 'com.fiskmods.heroes.asm.transformers.CTEntityRenderer' was detected and will no longer process meta class data
[14:29:38] [main/INFO]: [micdoodle8.mods.miccore.MicdoodleTransformer:printLog:1992]: Galacticraft successfully injected bytecode into: blt (5 / 5)
[14:29:38] [main/INFO]: [micdoodle8.mods.miccore.MicdoodleTransformer:printLog:1992]: Galacticraft successfully injected bytecode into: sv (1 / 1)
[14:29:38] [main/INFO]: [xaero.map.core.transformer.ClassNodeTransformer:transform:26]: Transforming class net.minecraft.client.entity.AbstractClientPlayer
[14:29:38] [main/INFO]: Patching Class RenderPlayer (bop)
[14:29:38] [main/INFO]: Patching Class RenderPlayer done
[14:29:38] [main/INFO]: Patching class net/minecraft/client/renderer/entity/RenderPlayer
[14:29:38] [main/INFO]:    Patching method <init>()V
[14:29:38] [main/INFO]:    Patching method func_82441_a(Lnet/minecraft/entity/player/EntityPlayer;)V
[14:29:38] [main/INFO]: Patching class net/minecraft/client/renderer/entity/RenderPlayer
[14:29:38] [main/INFO]:    Patching method <init>()V
[14:29:38] [main/INFO]:    Patching method func_82441_a(Lnet/minecraft/entity/player/EntityPlayer;)V
[14:29:38] [main/INFO]: Patching Class ModelBiped (bhm)
[14:29:38] [main/INFO]: A re-entrant transformer 'com.fiskmods.lightsabers.asm.transformers.ClassTransformerModelBiped' was detected and will no longer process meta class data
[14:29:38] [main/INFO]: Patching Class ModelBiped (bhm)
[14:29:38] [main/INFO]: Patching Class ModelBiped done
[14:29:38] [main/INFO]: A re-entrant transformer 'fiskfille.tf.asm.transformers.ClassTransformerModelBiped' was detected and will no longer process meta class data
[14:29:38] [main/INFO]: Patching class net/minecraft/client/model/ModelBiped
[14:29:38] [main/INFO]:    Patching method <init>(FFII)V
[14:29:38] [main/INFO]:    Patching method func_78088_a(Lnet/minecraft/entity/Entity;FFFFFF)V
[14:29:38] [main/INFO]:    Patching method func_78087_a(FFFFFFLnet/minecraft/entity/Entity;)V
[14:29:38] [main/INFO]: Patching class net/minecraft/client/model/ModelBiped
[14:29:38] [main/INFO]:    Patching method <init>(FFII)V
[14:29:38] [main/INFO]:    Patching method func_78088_a(Lnet/minecraft/entity/Entity;FFFFFF)V
[14:29:38] [main/INFO]:    Patching method func_78087_a(FFFFFFLnet/minecraft/entity/Entity;)V
[14:29:38] [main/INFO]: [xaero.map.core.transformer.ClassNodeTransformer:transform:26]: Transforming class net.minecraft.world.chunk.Chunk
[14:29:38] [main/INFO]: [micdoodle8.mods.miccore.MicdoodleTransformer:printLog:1992]: Galacticraft successfully injected bytecode into: zc (1 / 1)
[14:29:38] [main/INFO]: A re-entrant transformer 'com.fiskmods.heroes.asm.transformers.CTSoundManager' was detected and will no longer process meta class data
[14:29:38] [main/INFO]: A re-entrant transformer 'com.fiskmods.heroes.asm.transformers.CTEffectRenderer' was detected and will no longer process meta class data
[14:29:38] [main/INFO]: Patching Class EffectRenderer (bkn)
[14:29:38] [main/INFO]: A re-entrant transformer 'com.fiskmods.lightsabers.asm.transformers.ClassTransformerEffectRenderer' was detected and will no longer process meta class data
[14:29:38] [main/INFO]: [micdoodle8.mods.miccore.MicdoodleTransformer:printLog:1992]: Galacticraft successfully injected bytecode into: bkn (1 / 1)
[14:29:38] [main/INFO]: Launching wrapped minecraft {net.minecraft.client.main.Main}
[14:29:39] [main/INFO]: Found hooks for net.minecraft.client.Minecraft (bao)
[14:29:39] [main/INFO]: [Starminer]Target method found : Entity.onEntityUpdate
[14:29:39] [main/INFO]: [Starminer]Injected additional code to Entity.onEntityUpdate
[14:29:39] [main/INFO]: [micdoodle8.mods.miccore.MicdoodleTransformer:printLog:1992]: Galacticraft successfully injected bytecode into: sa (1 / 1)
[14:29:39] [main/INFO]: Patching Class Entity (sa)
[14:29:39] [main/INFO]: Patching Class Entity done
[14:29:39] [main/INFO]: Found hooks for net.minecraft.client.Minecraft (bao)
[14:29:39] [main/WARN]: Error loading class: net/minecraft/client/Minecraft (java.lang.IndexOutOfBoundsException: Index: 0, Size: 0)
[14:29:39] [main/FATAL]: Mixin apply failed mixins.etfuturum.json:sounds.client.MixinEntityClientPlayerMP -> net.minecraft.client.entity.EntityClientPlayerMP: org.spongepowered.asm.mixin.transformer.throwables.InvalidMixinException Unexpecteded NullPointerException whilst applying the mixin class: null
org.spongepowered.asm.mixin.transformer.throwables.InvalidMixinException: Unexpecteded NullPointerException whilst applying the mixin class: null
	at org.spongepowered.asm.mixin.transformer.MixinApplicatorStandard.apply(MixinApplicatorStandard.java:292) ~[Et_Futurum_Requiem-2.5.1.jar:?]
	at org.spongepowered.asm.mixin.transformer.TargetClassContext.applyMixins(TargetClassContext.java:353) ~[Et_Futurum_Requiem-2.5.1.jar:?]
	at org.spongepowered.asm.mixin.transformer.MixinTransformer.apply(MixinTransformer.java:724) [Et_Futurum_Requiem-2.5.1.jar:?]
	at org.spongepowered.asm.mixin.transformer.MixinTransformer.applyMixins(MixinTransformer.java:703) [Et_Futurum_Requiem-2.5.1.jar:?]
	at org.spongepowered.asm.mixin.transformer.MixinTransformer.transformClassBytes(MixinTransformer.java:509) [Et_Futurum_Requiem-2.5.1.jar:?]
	at org.spongepowered.asm.mixin.transformer.Proxy.transform(Proxy.java:72) [Et_Futurum_Requiem-2.5.1.jar:?]
	at net.minecraft.launchwrapper.LaunchClassLoader.runTransformers(LaunchClassLoader.java:279) [launchwrapper-1.12.jar:?]
	at net.minecraft.launchwrapper.LaunchClassLoader.findClass(LaunchClassLoader.java:176) [launchwrapper-1.12.jar:?]
	at java.lang.ClassLoader.loadClass(ClassLoader.java:424) [?:1.8.0_51]
	at java.lang.ClassLoader.loadClass(ClassLoader.java:357) [?:1.8.0_51]
	at net.minecraft.client.main.Main.main(SourceFile:72) [Main.class:?]
	at sun.reflect.NativeMethodAccessorImpl.invoke0(Native Method) ~[?:1.8.0_51]
	at sun.reflect.NativeMethodAccessorImpl.invoke(NativeMethodAccessorImpl.java:62) ~[?:1.8.0_51]
	at sun.reflect.DelegatingMethodAccessorImpl.invoke(DelegatingMethodAccessorImpl.java:43) ~[?:1.8.0_51]
	at java.lang.reflect.Method.invoke(Method.java:497) ~[?:1.8.0_51]
	at net.minecraft.launchwrapper.Launch.launch(Launch.java:135) [launchwrapper-1.12.jar:?]
	at net.minecraft.launchwrapper.Launch.main(Launch.java:28) [launchwrapper-1.12.jar:?]
Caused by: java.lang.NullPointerException
	at org.spongepowered.asm.mixin.transformer.MixinTargetContext.transformSingleDescriptor(MixinTargetContext.java:909) ~[Et_Futurum_Requiem-2.5.1.jar:?]
	at org.spongepowered.asm.mixin.transformer.MixinTargetContext.transformSingleDescriptor(MixinTargetContext.java:880) ~[Et_Futurum_Requiem-2.5.1.jar:?]
	at org.spongepowered.asm.mixin.transformer.MixinTargetContext.transformMethodDescriptor(MixinTargetContext.java:920) ~[Et_Futurum_Requiem-2.5.1.jar:?]
	at org.spongepowered.asm.mixin.transformer.MixinTargetContext.transformDescriptor(MixinTargetContext.java:836) ~[Et_Futurum_Requiem-2.5.1.jar:?]
	at org.spongepowered.asm.mixin.transformer.MixinTargetContext.transformMethod(MixinTargetContext.java:455) ~[Et_Futurum_Requiem-2.5.1.jar:?]
	at org.spongepowered.asm.mixin.transformer.MixinApplicatorStandard.applyNormalMethod(MixinApplicatorStandard.java:445) ~[Et_Futurum_Requiem-2.5.1.jar:?]
	at org.spongepowered.asm.mixin.transformer.MixinApplicatorStandard.applyMethods(MixinApplicatorStandard.java:432) ~[Et_Futurum_Requiem-2.5.1.jar:?]
	at org.spongepowered.asm.mixin.transformer.MixinApplicatorStandard.applyMixin(MixinApplicatorStandard.java:312) ~[Et_Futurum_Requiem-2.5.1.jar:?]
	at org.spongepowered.asm.mixin.transformer.MixinApplicatorStandard.apply(MixinApplicatorStandard.java:280) ~[Et_Futurum_Requiem-2.5.1.jar:?]
	... 16 more
[14:29:39] [main/INFO]: [java.lang.Throwable$WrappedPrintStream:println:748]: org.spongepowered.asm.mixin.throwables.MixinApplyError: Mixin [mixins.etfuturum.json:sounds.client.MixinEntityClientPlayerMP] from phase [DEFAULT] in config [mixins.etfuturum.json] FAILED during APPLY
[14:29:39] [main/INFO]: [java.lang.Throwable$WrappedPrintStream:println:748]: 	at org.spongepowered.asm.mixin.transformer.MixinTransformer.handleMixinError(MixinTransformer.java:779)
[14:29:39] [main/INFO]: [java.lang.Throwable$WrappedPrintStream:println:748]: 	at org.spongepowered.asm.mixin.transformer.MixinTransformer.handleMixinApplyError(MixinTransformer.java:732)
[14:29:39] [main/INFO]: [java.lang.Throwable$WrappedPrintStream:println:748]: 	at org.spongepowered.asm.mixin.transformer.MixinTransformer.transformClassBytes(MixinTransformer.java:513)
[14:29:39] [main/INFO]: [java.lang.Throwable$WrappedPrintStream:println:748]: 	at org.spongepowered.asm.mixin.transformer.Proxy.transform(Proxy.java:72)
[14:29:39] [main/INFO]: [java.lang.Throwable$WrappedPrintStream:println:748]: 	at net.minecraft.launchwrapper.LaunchClassLoader.runTransformers(LaunchClassLoader.java:279)
[14:29:39] [main/INFO]: [java.lang.Throwable$WrappedPrintStream:println:748]: 	at net.minecraft.launchwrapper.LaunchClassLoader.findClass(LaunchClassLoader.java:176)
[14:29:39] [main/INFO]: [java.lang.Throwable$WrappedPrintStream:println:748]: 	at java.lang.ClassLoader.loadClass(ClassLoader.java:424)
[14:29:39] [main/INFO]: [java.lang.Throwable$WrappedPrintStream:println:748]: 	at java.lang.ClassLoader.loadClass(ClassLoader.java:357)
[14:29:39] [main/INFO]: [java.lang.Throwable$WrappedPrintStream:println:748]: 	at net.minecraft.client.main.Main.main(SourceFile:72)
[14:29:39] [main/INFO]: [java.lang.Throwable$WrappedPrintStream:println:748]: 	at sun.reflect.NativeMethodAccessorImpl.invoke0(Native Method)
[14:29:39] [main/INFO]: [java.lang.Throwable$WrappedPrintStream:println:748]: 	at sun.reflect.NativeMethodAccessorImpl.invoke(NativeMethodAccessorImpl.java:62)
[14:29:39] [main/INFO]: [java.lang.Throwable$WrappedPrintStream:println:748]: 	at sun.reflect.DelegatingMethodAccessorImpl.invoke(DelegatingMethodAccessorImpl.java:43)
[14:29:39] [main/INFO]: [java.lang.Throwable$WrappedPrintStream:println:748]: 	at java.lang.reflect.Method.invoke(Method.java:497)
[14:29:39] [main/INFO]: [java.lang.Throwable$WrappedPrintStream:println:748]: 	at net.minecraft.launchwrapper.Launch.launch(Launch.java:135)
[14:29:39] [main/INFO]: [java.lang.Throwable$WrappedPrintStream:println:748]: 	at net.minecraft.launchwrapper.Launch.main(Launch.java:28)
[14:29:39] [main/INFO]: [java.lang.Throwable$WrappedPrintStream:println:748]: Caused by: org.spongepowered.asm.mixin.transformer.throwables.InvalidMixinException: Unexpecteded NullPointerException whilst applying the mixin class: null
[14:29:39] [main/INFO]: [java.lang.Throwable$WrappedPrintStream:println:748]: 	at org.spongepowered.asm.mixin.transformer.MixinApplicatorStandard.apply(MixinApplicatorStandard.java:292)
[14:29:39] [main/INFO]: [java.lang.Throwable$WrappedPrintStream:println:748]: 	at org.spongepowered.asm.mixin.transformer.TargetClassContext.applyMixins(TargetClassContext.java:353)
[14:29:39] [main/INFO]: [java.lang.Throwable$WrappedPrintStream:println:748]: 	at org.spongepowered.asm.mixin.transformer.MixinTransformer.apply(MixinTransformer.java:724)
[14:29:39] [main/INFO]: [java.lang.Throwable$WrappedPrintStream:println:748]: 	at org.spongepowered.asm.mixin.transformer.MixinTransformer.applyMixins(MixinTransformer.java:703)
[14:29:39] [main/INFO]: [java.lang.Throwable$WrappedPrintStream:println:748]: 	at org.spongepowered.asm.mixin.transformer.MixinTransformer.transformClassBytes(MixinTransformer.java:509)
[14:29:39] [main/INFO]: [java.lang.Throwable$WrappedPrintStream:println:748]: 	... 12 more
[14:29:39] [main/INFO]: [java.lang.Throwable$WrappedPrintStream:println:748]: Caused by: java.lang.NullPointerException
[14:29:39] [main/INFO]: [java.lang.Throwable$WrappedPrintStream:println:748]: 	at org.spongepowered.asm.mixin.transformer.MixinTargetContext.transformSingleDescriptor(MixinTargetContext.java:909)
[14:29:39] [main/INFO]: [java.lang.Throwable$WrappedPrintStream:println:748]: 	at org.spongepowered.asm.mixin.transformer.MixinTargetContext.transformSingleDescriptor(MixinTargetContext.java:880)
[14:29:39] [main/INFO]: [java.lang.Throwable$WrappedPrintStream:println:748]: 	at org.spongepowered.asm.mixin.transformer.MixinTargetContext.transformMethodDescriptor(MixinTargetContext.java:920)
[14:29:39] [main/INFO]: [java.lang.Throwable$WrappedPrintStream:println:748]: 	at org.spongepowered.asm.mixin.transformer.MixinTargetContext.transformDescriptor(MixinTargetContext.java:836)
[14:29:39] [main/INFO]: [java.lang.Throwable$WrappedPrintStream:println:748]: 	at org.spongepowered.asm.mixin.transformer.MixinTargetContext.transformMethod(MixinTargetContext.java:455)
[14:29:39] [main/INFO]: [java.lang.Throwable$WrappedPrintStream:println:748]: 	at org.spongepowered.asm.mixin.transformer.MixinApplicatorStandard.applyNormalMethod(MixinApplicatorStandard.java:445)
[14:29:39] [main/INFO]: [java.lang.Throwable$WrappedPrintStream:println:748]: 	at org.spongepowered.asm.mixin.transformer.MixinApplicatorStandard.applyMethods(MixinApplicatorStandard.java:432)
[14:29:39] [main/INFO]: [java.lang.Throwable$WrappedPrintStream:println:748]: 	at org.spongepowered.asm.mixin.transformer.MixinApplicatorStandard.applyMixin(MixinApplicatorStandard.java:312)
[14:29:39] [main/INFO]: [java.lang.Throwable$WrappedPrintStream:println:748]: 	at org.spongepowered.asm.mixin.transformer.MixinApplicatorStandard.apply(MixinApplicatorStandard.java:280)
[14:29:39] [main/INFO]: [java.lang.Throwable$WrappedPrintStream:println:748]: 	... 16 more
[14:29:39] [main/ERROR]: Unable to launch
java.lang.reflect.InvocationTargetException
	at sun.reflect.NativeMethodAccessorImpl.invoke0(Native Method) ~[?:1.8.0_51]
	at sun.reflect.NativeMethodAccessorImpl.invoke(NativeMethodAccessorImpl.java:62) ~[?:1.8.0_51]
	at sun.reflect.DelegatingMethodAccessorImpl.invoke(DelegatingMethodAccessorImpl.java:43) ~[?:1.8.0_51]
	at java.lang.reflect.Method.invoke(Method.java:497) ~[?:1.8.0_51]
	at net.minecraft.launchwrapper.Launch.launch(Launch.java:135) [launchwrapper-1.12.jar:?]
	at net.minecraft.launchwrapper.Launch.main(Launch.java:28) [launchwrapper-1.12.jar:?]
Caused by: java.lang.NoClassDefFoundError: net/minecraft/client/entity/EntityClientPlayerMP
	at net.minecraft.client.main.Main.main(SourceFile:72) ~[Main.class:?]
	... 6 more
Caused by: java.lang.ClassNotFoundException: net.minecraft.client.entity.EntityClientPlayerMP
	at net.minecraft.launchwrapper.LaunchClassLoader.findClass(LaunchClassLoader.java:191) ~[launchwrapper-1.12.jar:?]
	at java.lang.ClassLoader.loadClass(ClassLoader.java:424) ~[?:1.8.0_51]
	at java.lang.ClassLoader.loadClass(ClassLoader.java:357) ~[?:1.8.0_51]
	at net.minecraft.client.main.Main.main(SourceFile:72) ~[Main.class:?]
	... 6 more
Caused by: org.spongepowered.asm.mixin.transformer.throwables.MixinTransformerError: An unexpected critical error was encountered
	at org.spongepowered.asm.mixin.transformer.MixinTransformer.transformClassBytes(MixinTransformer.java:521) ~[Et_Futurum_Requiem-2.5.1.jar:?]
	at org.spongepowered.asm.mixin.transformer.Proxy.transform(Proxy.java:72) ~[Et_Futurum_Requiem-2.5.1.jar:?]
	at net.minecraft.launchwrapper.LaunchClassLoader.runTransformers(LaunchClassLoader.java:279) ~[launchwrapper-1.12.jar:?]
	at net.minecraft.launchwrapper.LaunchClassLoader.findClass(LaunchClassLoader.java:176) ~[launchwrapper-1.12.jar:?]
	at java.lang.ClassLoader.loadClass(ClassLoader.java:424) ~[?:1.8.0_51]
	at java.lang.ClassLoader.loadClass(ClassLoader.java:357) ~[?:1.8.0_51]
	at net.minecraft.client.main.Main.main(SourceFile:72) ~[Main.class:?]
	... 6 more
Caused by: org.spongepowered.asm.mixin.throwables.MixinApplyError: Mixin [mixins.etfuturum.json:sounds.client.MixinEntityClientPlayerMP] from phase [DEFAULT] in config [mixins.etfuturum.json] FAILED during APPLY
	at org.spongepowered.asm.mixin.transformer.MixinTransformer.handleMixinError(MixinTransformer.java:779) ~[Et_Futurum_Requiem-2.5.1.jar:?]
	at org.spongepowered.asm.mixin.transformer.MixinTransformer.handleMixinApplyError(MixinTransformer.java:732) ~[Et_Futurum_Requiem-2.5.1.jar:?]
	at org.spongepowered.asm.mixin.transformer.MixinTransformer.transformClassBytes(MixinTransformer.java:513) ~[Et_Futurum_Requiem-2.5.1.jar:?]
	at org.spongepowered.asm.mixin.transformer.Proxy.transform(Proxy.java:72) ~[Et_Futurum_Requiem-2.5.1.jar:?]
	at net.minecraft.launchwrapper.LaunchClassLoader.runTransformers(LaunchClassLoader.java:279) ~[launchwrapper-1.12.jar:?]
	at net.minecraft.launchwrapper.LaunchClassLoader.findClass(LaunchClassLoader.java:176) ~[launchwrapper-1.12.jar:?]
	at java.lang.ClassLoader.loadClass(ClassLoader.java:424) ~[?:1.8.0_51]
	at java.lang.ClassLoader.loadClass(ClassLoader.java:357) ~[?:1.8.0_51]
	at net.minecraft.client.main.Main.main(SourceFile:72) ~[Main.class:?]
	... 6 more
Caused by: org.spongepowered.asm.mixin.transformer.throwables.InvalidMixinException: Unexpecteded NullPointerException whilst applying the mixin class: null
	at org.spongepowered.asm.mixin.transformer.MixinApplicatorStandard.apply(MixinApplicatorStandard.java:292) ~[Et_Futurum_Requiem-2.5.1.jar:?]
	at org.spongepowered.asm.mixin.transformer.TargetClassContext.applyMixins(TargetClassContext.java:353) ~[Et_Futurum_Requiem-2.5.1.jar:?]
	at org.spongepowered.asm.mixin.transformer.MixinTransformer.apply(MixinTransformer.java:724) ~[Et_Futurum_Requiem-2.5.1.jar:?]
	at org.spongepowered.asm.mixin.transformer.MixinTransformer.applyMixins(MixinTransformer.java:703) ~[Et_Futurum_Requiem-2.5.1.jar:?]
	at org.spongepowered.asm.mixin.transformer.MixinTransformer.transformClassBytes(MixinTransformer.java:509) ~[Et_Futurum_Requiem-2.5.1.jar:?]
	at org.spongepowered.asm.mixin.transformer.Proxy.transform(Proxy.java:72) ~[Et_Futurum_Requiem-2.5.1.jar:?]
	at net.minecraft.launchwrapper.LaunchClassLoader.runTransformers(LaunchClassLoader.java:279) ~[launchwrapper-1.12.jar:?]
	at net.minecraft.launchwrapper.LaunchClassLoader.findClass(LaunchClassLoader.java:176) ~[launchwrapper-1.12.jar:?]
	at java.lang.ClassLoader.loadClass(ClassLoader.java:424) ~[?:1.8.0_51]
	at java.lang.ClassLoader.loadClass(ClassLoader.java:357) ~[?:1.8.0_51]
	at net.minecraft.client.main.Main.main(SourceFile:72) ~[Main.class:?]
	... 6 more
Caused by: java.lang.NullPointerException
	at org.spongepowered.asm.mixin.transformer.MixinTargetContext.transformSingleDescriptor(MixinTargetContext.java:909) ~[Et_Futurum_Requiem-2.5.1.jar:?]
	at org.spongepowered.asm.mixin.transformer.MixinTargetContext.transformSingleDescriptor(MixinTargetContext.java:880) ~[Et_Futurum_Requiem-2.5.1.jar:?]
	at org.spongepowered.asm.mixin.transformer.MixinTargetContext.transformMethodDescriptor(MixinTargetContext.java:920) ~[Et_Futurum_Requiem-2.5.1.jar:?]
	at org.spongepowered.asm.mixin.transformer.MixinTargetContext.transformDescriptor(MixinTargetContext.java:836) ~[Et_Futurum_Requiem-2.5.1.jar:?]
	at org.spongepowered.asm.mixin.transformer.MixinTargetContext.transformMethod(MixinTargetContext.java:455) ~[Et_Futurum_Requiem-2.5.1.jar:?]
	at org.spongepowered.asm.mixin.transformer.MixinApplicatorStandard.applyNormalMethod(MixinApplicatorStandard.java:445) ~[Et_Futurum_Requiem-2.5.1.jar:?]
	at org.spongepowered.asm.mixin.transformer.MixinApplicatorStandard.applyMethods(MixinApplicatorStandard.java:432) ~[Et_Futurum_Requiem-2.5.1.jar:?]
	at org.spongepowered.asm.mixin.transformer.MixinApplicatorStandard.applyMixin(MixinApplicatorStandard.java:312) ~[Et_Futurum_Requiem-2.5.1.jar:?]
	at org.spongepowered.asm.mixin.transformer.MixinApplicatorStandard.apply(MixinApplicatorStandard.java:280) ~[Et_Futurum_Requiem-2.5.1.jar:?]
	at org.spongepowered.asm.mixin.transformer.TargetClassContext.applyMixins(TargetClassContext.java:353) ~[Et_Futurum_Requiem-2.5.1.jar:?]
	at org.spongepowered.asm.mixin.transformer.MixinTransformer.apply(MixinTransformer.java:724) ~[Et_Futurum_Requiem-2.5.1.jar:?]
	at org.spongepowered.asm.mixin.transformer.MixinTransformer.applyMixins(MixinTransformer.java:703) ~[Et_Futurum_Requiem-2.5.1.jar:?]
	at org.spongepowered.asm.mixin.transformer.MixinTransformer.transformClassBytes(MixinTransformer.java:509) ~[Et_Futurum_Requiem-2.5.1.jar:?]
	at org.spongepowered.asm.mixin.transformer.Proxy.transform(Proxy.java:72) ~[Et_Futurum_Requiem-2.5.1.jar:?]
	at net.minecraft.launchwrapper.LaunchClassLoader.runTransformers(LaunchClassLoader.java:279) ~[launchwrapper-1.12.jar:?]
	at net.minecraft.launchwrapper.LaunchClassLoader.findClass(LaunchClassLoader.java:176) ~[launchwrapper-1.12.jar:?]
	at java.lang.ClassLoader.loadClass(ClassLoader.java:424) ~[?:1.8.0_51]
	at java.lang.ClassLoader.loadClass(ClassLoader.java:357) ~[?:1.8.0_51]
	at net.minecraft.client.main.Main.main(SourceFile:72) ~[Main.class:?]
	... 6 more
[14:29:39] [main/INFO]: [java.lang.Throwable$WrappedPrintStream:println:748]: cpw.mods.fml.relauncher.FMLSecurityManager$ExitTrappedException
[14:29:39] [main/INFO]: [java.lang.Throwable$WrappedPrintStream:println:748]: 	at cpw.mods.fml.relauncher.FMLSecurityManager.checkPermission(FMLSecurityManager.java:25)
[14:29:39] [main/INFO]: [java.lang.Throwable$WrappedPrintStream:println:748]: 	at java.lang.SecurityManager.checkExit(SecurityManager.java:761)
[14:29:39] [main/INFO]: [java.lang.Throwable$WrappedPrintStream:println:748]: 	at java.lang.Runtime.exit(Runtime.java:107)
[14:29:39] [main/INFO]: [java.lang.Throwable$WrappedPrintStream:println:748]: 	at java.lang.System.exit(System.java:971)
[14:29:39] [main/INFO]: [java.lang.Throwable$WrappedPrintStream:println:748]: 	at net.minecraft.launchwrapper.Launch.launch(Launch.java:138)
[14:29:39] [main/INFO]: [java.lang.Throwable$WrappedPrintStream:println:748]: 	at net.minecraft.launchwrapper.Launch.main(Launch.java:28)
